Microsoft HTML Help Compiler 4.74.8702

Compiling c:\Users\Asus\Desktop\3 пр основи програмної іненерії\Paint.chm


Compile time: 0 minutes, 0 seconds
3	Topics
10	Local links
0	Internet links
3	Graphics


Created c:\Users\Asus\Desktop\3 пр основи програмної іненерії\Paint.chm, 329,810 bytes
Compression increased file by 5,064 bytes.
Microsoft HTML Help Compiler 4.74.8702

Compiling c:\Users\Asus\Desktop\3 пр основи програмної іненерії\Paint.chm


Compile time: 0 minutes, 0 seconds
3	Topics
10	Local links
0	Internet links
3	Graphics


Created c:\Users\Asus\Desktop\3 пр основи програмної іненерії\Paint.chm, 329,810 bytes
Compression increased file by 5,064 bytes.
HHC5010: Error: Cannot open "c:\Users\Asus\Desktop\3 пр основи програмної іненерії\Paint.chm". Compilation stopped.
HHC5010: Error: Cannot open "c:\Users\Asus\Desktop\3 пр основи програмної іненерії\Paint.chm". Compilation stopped.
HHC5010: Error: Cannot open "c:\Users\Asus\Desktop\3 пр основи програмної іненерії\Paint.chm". Compilation stopped.
